<?xml version="1.0" encoding="UTF-8"?>
<testsuite xmlns:xsi="http://www.w3.org/2001/XMLSchema-instance" xsi:noNamespaceSchemaLocation="https://maven.apache.org/surefire/maven-surefire-plugin/xsd/surefire-test-report.xsd" name="edu.sda.java.tdd.StringCalculatorTest" time="0.041" tests="5" errors="1" skipped="0" failures="0">
  <properties>
[...]
</properties>
  <testcase name="checkIfCalcReturnsOneNumberPassed" classname="edu.sda.java.tdd.StringCalculatorTest" time="0.015"/>
  <testcase name="checkIfZeroWhenEmptyStringPassed" classname="edu.sda.java.tdd.StringCalculatorTest" time="0"/>
  <testcase name="checkIfCalcCountsWithNumbersSeparatedByComma" classname="edu.sda.java.tdd.StringCalculatorTest" time="0"/>
  <testcase name="checkIfCalcCountsUnknownAmountOfNumbersSeparatedByComma" classname="edu.sda.java.tdd.StringCalculatorTest" time="0"/>
  <testcase name="checkIfCalcCountsUnknownAmountOfNumbersSeparatedByNewLines" classname="edu.sda.java.tdd.StringCalculatorTest" time="0.006">
    <error message="For input string: &quot;1&#10;2&quot;" type="java.lang.NumberFormatException">java.lang.NumberFormatException: 
For input string: "1
2"
	at edu.sda.java.tdd.StringCalculatorTest.checkIfCalcCountsUnknownAmountOfNumbersSeparatedByNewLines(StringCalculatorTest.java:89)
</error>
  </testcase>
</testsuite>